r_all_066.nmd:
Name:MUNE1
Index: 0
Parent Index: 65535
Position > X: 0, Y: 0, Z: -1.9721523E-32
Rotation > X: 0, Y: 0, Z: 90
Scale > X:1, Y:1, Z:1
Bone Type: Unknown
Bone Type Category: None
______________________________

Name:MUNE2
Index: 1
Parent Index: 0
Position > X: 0.13, Y: 1.010303E-16, Z: -2.0411203E-17
Rotation > X: 0, Y: 0, Z: 0
Scale > X:1, Y:1, Z:1
Bone Type: Unknown
Bone Type Category: None
______________________________

Name:KUBI
Index: 2
Parent Index: 1
Position > X: 0.24000001, Y: -1.1793822E-16, Z: 1.8657765E-17
Rotation > X: 0, Y: 0, Z: 0
Scale > X:1, Y:1, Z:1
Bone Type: Unknown
Bone Type Category: None
______________________________

Name:ATAMA
Index: 3
Parent Index: 2
Position > X: 0.07, Y: -9.947598E-16, Z: -1.5543122E-17
Rotation > X: 90, Y: 0, Z: 90
Scale > X:1, Y:1, Z:1
Bone Type: Unknown
Bone Type Category: None
______________________________

Name:SAKOTSU_R
Index: 4
Parent Index: 1
Position > X: 0.22000001, Y: -1.907964E-16, Z: -0.1
Rotation > X: -90, Y: 90, Z: 0
Scale > X:1, Y:1, Z:1
Bone Type: Unknown
Bone Type Category: None
______________________________

Name:KATA_R
Index: 5
Parent Index: 4
Position > X: 0.13, Y: 8.881784E-17, Z: 3.4354298E-18
Rotation > X: -90, Y: 0, Z: 0
Scale > X:1, Y:1, Z:1
Bone Type: Unknown
Bone Type Category: None
______________________________

Name:UDE_R
Index: 6
Parent Index: 5
Position > X: 0.3, Y: 1.0686398E-12, Z: 1.6337548E-09
Rotation > X: 0, Y: 0, Z: 0
Scale > X:1, Y:1, Z:1
Bone Type: Unknown
Bone Type Category: None
______________________________

Name:TE_R
Index: 7
Parent Index: 6
Position > X: 0.23, Y: 3.9810884E-06, Z: 3.98302E-06
Rotation > X: 90, Y: 0, Z: 0
Scale > X:1, Y:1, Z:1
Bone Type: Unknown
Bone Type Category: None
______________________________

Name:SAKOTSU_L
Index: 8
Parent Index: 1
Position > X: 0.22000001, Y: -3.2529847E-17, Z: 0.1
Rotation > X: -90, Y: -90, Z: 0
Scale > X:1, Y:1, Z:1
Bone Type: Unknown
Bone Type Category: None
______________________________

Name:KATA_L
Index: 9
Parent Index: 8
Position > X: 0.13, Y: -7.327472E-16, Z: 2.442281E-17
Rotation > X: -90, Y: 0, Z: 0
Scale > X:1, Y:1, Z:1
Bone Type: Unknown
Bone Type Category: None
______________________________

Name:UDE_L
Index: 10
Parent Index: 9
Position > X: 0.3, Y: -1.607011E-08, Z: -3.491291E-10
Rotation > X: 0, Y: 0, Z: 0
Scale > X:1, Y:1, Z:1
Bone Type: Unknown
Bone Type Category: None
______________________________

Name:TE_L
Index: 11
Parent Index: 10
Position > X: 0.23, Y: 3.9810875E-06, Z: 3.983515E-06
Rotation > X: 90, Y: 0, Z: 0
Scale > X:1, Y:1, Z:1
Bone Type: Unknown
Bone Type Category: None
______________________________

Name:KOSHI
Index: 12
Parent Index: 65535
Position > X: 0, Y: 0, Z: 0
Rotation > X: 0, Y: 0, Z: -90
Scale > X:1, Y:1, Z:1
Bone Type: Unknown
Bone Type Category: None
______________________________

Name:MOMO_R
Index: 13
Parent Index: 12
Position > X: 0.16000001, Y: -4.440892E-17, Z: -0.1
Rotation > X: 0, Y: 0, Z: 0
Scale > X:1, Y:1, Z:1
Bone Type: Unknown
Bone Type Category: None
______________________________

Name:HIZA_R
Index: 14
Parent Index: 13
Position > X: 0.44000003, Y: 3.9443046E-32, Z: 8.881784E-17
Rotation > X: 0, Y: 0, Z: 0
Scale > X:1, Y:1, Z:1
Bone Type: Unknown
Bone Type Category: None
______________________________

Name:ASHI_R
Index: 15
Parent Index: 14
Position > X: 0.42, Y: -7.834174E-17, Z: -5.551115E-17
Rotation > X: 0, Y: 0, Z: 0
Scale > X:1, Y:1, Z:1
Bone Type: Unknown
Bone Type Category: None
______________________________

Name:TSUMASAKI_R
Index: 16
Parent Index: 15
Position > X: 0.1, Y: -0.1, Z: -2.3617746E-07
Rotation > X: 0, Y: 0, Z: -90
Scale > X:1, Y:1, Z:1
Bone Type: Unknown
Bone Type Category: None
______________________________

Name:MOMO_L
Index: 17
Parent Index: 12
Position > X: 0.16000001, Y: 0, Z: 0.1
Rotation > X: 0, Y: 0, Z: 0
Scale > X:1, Y:1, Z:1
Bone Type: Unknown
Bone Type Category: None
______________________________

Name:HIZA_L
Index: 18
Parent Index: 17
Position > X: 0.44000003, Y: 2.9582285E-32, Z: 1.110223E-16
Rotation > X: 0, Y: 0, Z: 0
Scale > X:1, Y:1, Z:1
Bone Type: Unknown
Bone Type Category: None
______________________________

Name:ASHI_L
Index: 19
Parent Index: 18
Position > X: 0.42, Y: 9.6316454E-17, Z: 2.88658E-16
Rotation > X: 0, Y: 0, Z: 0
Scale > X:1, Y:1, Z:1
Bone Type: Unknown
Bone Type Category: None
______________________________

Name:TSUMASAKI_L
Index: 20
Parent Index: 19
Position > X: 0.1, Y: -0.1, Z: -2.3617754E-07
Rotation > X: 0, Y: 0, Z: -90
Scale > X:1, Y:1, Z:1
Bone Type: Unknown
Bone Type Category: None
______________________________

Name:OYA3_R
Index: 21
Parent Index: 7
Position > X: 0.032, Y: 0.040000003, Z: 0.033000004
Rotation > X: 0, Y: 0, Z: 0
Scale > X:1, Y:1, Z:1
Bone Type: Unknown
Bone Type Category: None
______________________________

Name:OYA2_R
Index: 22
Parent Index: 21
Position > X: 0.053002756, Y: -8.881784E-17, Z: -8.881784E-17
Rotation > X: 0, Y: 0, Z: 0
Scale > X:1, Y:1, Z:1
Bone Type: Unknown
Bone Type Category: None
______________________________

Name:OYA1_R
Index: 23
Parent Index: 22
Position > X: 0.03400027, Y: 0, Z: 1.3322677E-16
Rotation > X: 0, Y: 0, Z: 0
Scale > X:1, Y:1, Z:1
Bone Type: Unknown
Bone Type Category: None
______________________________

Name:HITO3_R
Index: 24
Parent Index: 7
Position > X: 0.109000005, Y: 0.004, Z: 0.034
Rotation > X: 0, Y: 0, Z: 0
Scale > X:1, Y:1, Z:1
Bone Type: Unknown
Bone Type Category: None
______________________________

Name:HITO2_R
Index: 25
Parent Index: 24
Position > X: 0.060000002, Y: -3.1086244E-16, Z: 8.326673E-17
Rotation > X: 0, Y: 0, Z: 0
Scale > X:1, Y:1, Z:1
Bone Type: Unknown
Bone Type Category: None
______________________________

Name:HITO1_R
Index: 26
Parent Index: 25
Position > X: 0.035996705, Y: -1.7763569E-16, Z: -1.110223E-16
Rotation > X: 0, Y: 0, Z: 0
Scale > X:1, Y:1, Z:1
Bone Type: Unknown
Bone Type Category: None
______________________________

Name:NAKA3_R
Index: 27
Parent Index: 7
Position > X: 0.11004978, Y: 0, Z: 0.006
Rotation > X: 0, Y: 0, Z: 0
Scale > X:1, Y:1, Z:1
Bone Type: Unknown
Bone Type Category: None
______________________________

Name:NAKA2_R
Index: 28
Parent Index: 27
Position > X: 0.06900014, Y: 3.3306692E-17, Z: 9.714451E-18
Rotation > X: 0, Y: 0, Z: 0
Scale > X:1, Y:1, Z:1
Bone Type: Unknown
Bone Type Category: None
______________________________

Name:NAKA1_R
Index: 29
Parent Index: 28
Position > X: 0.041002184, Y: -4.440892E-16, Z: 5.551115E-18
Rotation > X: 0, Y: 0, Z: 0
Scale > X:1, Y:1, Z:1
Bone Type: Unknown
Bone Type Category: None
______________________________

Name:KUSU3_R
Index: 30
Parent Index: 7
Position > X: 0.106, Y: 0.001, Z: -0.022
Rotation > X: 0, Y: 0, Z: 0
Scale > X:1, Y:1, Z:1
Bone Type: Unknown
Bone Type Category: None
______________________________

Name:KUSU2_R
Index: 31
Parent Index: 30
Position > X: 0.06300193, Y: -1.7763569E-16, Z: -5.2735593E-17
Rotation > X: 0, Y: 0, Z: 0
Scale > X:1, Y:1, Z:1
Bone Type: Unknown
Bone Type Category: None
______________________________

Name:KUSU1_R
Index: 32
Parent Index: 31
Position > X: 0.03600053, Y: 6.217249E-16, Z: 6.106227E-17
Rotation > X: 0, Y: 0, Z: 0
Scale > X:1, Y:1, Z:1
Bone Type: Unknown
Bone Type Category: None
______________________________

Name:KO3_R
Index: 33
Parent Index: 7
Position > X: 0.1, Y: 0.004, Z: -0.05
Rotation > X: 0, Y: 0, Z: 0
Scale > X:1, Y:1, Z:1
Bone Type: Unknown
Bone Type Category: None
______________________________

Name:KO2_R
Index: 34
Parent Index: 33
Position > X: 0.050002396, Y: 4.440892E-17, Z: -5.551115E-17
Rotation > X: 0, Y: 0, Z: 0
Scale > X:1, Y:1, Z:1
Bone Type: Unknown
Bone Type Category: None
______________________________

Name:KO1_R
Index: 35
Parent Index: 34
Position > X: 0.028994907, Y: 8.881784E-17, Z: -7.21645E-17
Rotation > X: 0, Y: 0, Z: 0
Scale > X:1, Y:1, Z:1
Bone Type: Unknown
Bone Type Category: None
______________________________

Name:OYA3_L
Index: 36
Parent Index: 11
Position > X: 0.032, Y: -0.040000003, Z: 0.033000004
Rotation > X: 0, Y: 0, Z: 0
Scale > X:1, Y:1, Z:1
Bone Type: Unknown
Bone Type Category: None
______________________________

Name:OYA2_L
Index: 37
Parent Index: 36
Position > X: 0.052999992, Y: -2.588587E-06, Z: -6.3247904E-07
Rotation > X: 0, Y: 0, Z: 0
Scale > X:1, Y:1, Z:1
Bone Type: Unknown
Bone Type Category: None
______________________________

Name:OYA1_L
Index: 38
Parent Index: 37
Position > X: 0.033999998, Y: -2.039478E-06, Z: -2.5045233E-07
Rotation > X: 0, Y: 0, Z: 0
Scale > X:1, Y:1, Z:1
Bone Type: Unknown
Bone Type Category: None
______________________________

Name:HITO3_L
Index: 39
Parent Index: 11
Position > X: 0.109000005, Y: -0.004, Z: 0.034
Rotation > X: 0, Y: 0, Z: 0
Scale > X:1, Y:1, Z:1
Bone Type: Unknown
Bone Type Category: None
______________________________

Name:HITO2_L
Index: 40
Parent Index: 39
Position > X: 0.060000002, Y: -2.4424907E-16, Z: 4.440892E-17
Rotation > X: 0, Y: 0, Z: 0
Scale > X:1, Y:1, Z:1
Bone Type: Unknown
Bone Type Category: None
______________________________

Name:HITO1_L
Index: 41
Parent Index: 40
Position > X: 0.036000002, Y: -4.440892E-16, Z: -1.3322677E-16
Rotation > X: 0, Y: 0, Z: 0
Scale > X:1, Y:1, Z:1
Bone Type: Unknown
Bone Type Category: None
______________________________

Name:NAKA3_L
Index: 42
Parent Index: 11
Position > X: 0.11000001, Y: 0, Z: 0.006
Rotation > X: 0, Y: 0, Z: 0
Scale > X:1, Y:1, Z:1
Bone Type: Unknown
Bone Type Category: None
______________________________

Name:NAKA2_L
Index: 43
Parent Index: 42
Position > X: 0.069, Y: 1.7763569E-16, Z: -4.1633365E-18
Rotation > X: 0, Y: 0, Z: 0
Scale > X:1, Y:1, Z:1
Bone Type: Unknown
Bone Type Category: None
______________________________

Name:NAKA1_L
Index: 44
Parent Index: 43
Position > X: 0.041, Y: -3.1086244E-16, Z: 2.7755576E-17
Rotation > X: 0, Y: 0, Z: 0
Scale > X:1, Y:1, Z:1
Bone Type: Unknown
Bone Type Category: None
______________________________

Name:KUSU3_L
Index: 45
Parent Index: 11
Position > X: 0.106, Y: -0.001, Z: -0.022
Rotation > X: 0, Y: 0, Z: 0
Scale > X:1, Y:1, Z:1
Bone Type: Unknown
Bone Type Category: None
______________________________

Name:KUSU2_L
Index: 46
Parent Index: 45
Position > X: 0.063, Y: 1.5543122E-16, Z: -1.9428903E-17
Rotation > X: 0, Y: 0, Z: 0
Scale > X:1, Y:1, Z:1
Bone Type: Unknown
Bone Type Category: None
______________________________

Name:KUSU1_L
Index: 47
Parent Index: 46
Position > X: 0.036000002, Y: 1.7763569E-16, Z: 1.8735014E-17
Rotation > X: 0, Y: 0, Z: 0
Scale > X:1, Y:1, Z:1
Bone Type: Unknown
Bone Type Category: None
______________________________

Name:KO3_L
Index: 48
Parent Index: 11
Position > X: 0.1, Y: -0.004000019, Z: -0.05
Rotation > X: 0, Y: 0, Z: 0
Scale > X:1, Y:1, Z:1
Bone Type: Unknown
Bone Type Category: None
______________________________

Name:KO2_L
Index: 49
Parent Index: 48
Position > X: 0.05, Y: 1.3322677E-16, Z: 3.3306692E-17
Rotation > X: 0, Y: 0, Z: 0
Scale > X:1, Y:1, Z:1
Bone Type: Unknown
Bone Type Category: None
______________________________

Name:KO1_L
Index: 50
Parent Index: 49
Position > X: 0.029, Y: 1.7763569E-16, Z: 1.3877788E-16
Rotation > X: 0, Y: 0, Z: 0
Scale > X:1, Y:1, Z:1
Bone Type: Unknown
Bone Type Category: None
______________________________

Name:MIKEN_R
Index: 51
Parent Index: 3
Position > X: 0.120000005, Y: -0.011000001, Z: 0.115
Rotation > X: 0, Y: 0, Z: 0
Scale > X:1, Y:1, Z:1
Bone Type: Unknown
Bone Type Category: None
______________________________

Name:MAYU_R
Index: 52
Parent Index: 3
Position > X: 0.112, Y: -0.041, Z: 0.128
Rotation > X: 0, Y: 0, Z: 0
Scale > X:1, Y:1, Z:1
Bone Type: Unknown
Bone Type Category: None
______________________________

Name:MAYUJIRI_R
Index: 53
Parent Index: 3
Position > X: 0.08696931, Y: -0.065, Z: 0.120000005
Rotation > X: 0, Y: 0, Z: 0
Scale > X:1, Y:1, Z:1
Bone Type: Unknown
Bone Type Category: None
______________________________

Name:SHIWA_R
Index: 54
Parent Index: 3
Position > X: 0.11000001, Y: -0.018000003, Z: 0.076
Rotation > X: 0, Y: 0, Z: 0
Scale > X:1, Y:1, Z:1
Bone Type: Unknown
Bone Type Category: None
______________________________

Name:MIMI_R
Index: 55
Parent Index: 3
Position > X: 0.015000001, Y: -0.072000004, Z: 0.088
Rotation > X: 0, Y: 0, Z: 0
Scale > X:1, Y:1, Z:1
Bone Type: Unknown
Bone Type Category: None
______________________________

Name:MABUTA_UP_R
Index: 56
Parent Index: 3
Position > X: 0.0841, Y: -0.0337, Z: 0.112
Rotation > X: 0, Y: 0, Z: 0
Scale > X:1, Y:1, Z:1
Bone Type: Unknown
Bone Type Category: None
______________________________

Name:MABUTA_UN_R
Index: 57
Parent Index: 3
Position > X: 0.102, Y: -0.039, Z: 0.098000005
Rotation > X: 0, Y: 0, Z: 0
Scale > X:1, Y:1, Z:1
Bone Type: Unknown
Bone Type Category: None
______________________________

Name:HOHO_R
Index: 58
Parent Index: 3
Position > X: 0.10077091, Y: -0.044, Z: 0.078
Rotation > X: 0, Y: 0, Z: 0
Scale > X:1, Y:1, Z:1
Bone Type: Unknown
Bone Type Category: None
______________________________

Name:BIKON_R
Index: 59
Parent Index: 3
Position > X: 0.11000001, Y: -0.015000001, Z: 0.071
Rotation > X: 0, Y: 0, Z: 0
Scale > X:1, Y:1, Z:1
Bone Type: Unknown
Bone Type Category: None
______________________________

Name:CHOBO_R
Index: 60
Parent Index: 3
Position > X: 0.084, Y: -0.040000003, Z: 0.044999998
Rotation > X: 0, Y: 0, Z: 0
Scale > X:1, Y:1, Z:1
Bone Type: Unknown
Bone Type Category: None
______________________________

Name:MIKEN_L
Index: 61
Parent Index: 3
Position > X: 0.120000005, Y: 0.010999999, Z: 0.115
Rotation > X: 0, Y: 0, Z: 0
Scale > X:1, Y:1, Z:1
Bone Type: Unknown
Bone Type Category: None
______________________________

Name:MAYU_L
Index: 62
Parent Index: 3
Position > X: 0.112, Y: 0.041, Z: 0.128
Rotation > X: 0, Y: 0, Z: 0
Scale > X:1, Y:1, Z:1
Bone Type: Unknown
Bone Type Category: None
______________________________

Name:MAYUJIRI_L
Index: 63
Parent Index: 3
Position > X: 0.08696895, Y: 0.065, Z: 0.120000005
Rotation > X: 0, Y: 0, Z: 0
Scale > X:1, Y:1, Z:1
Bone Type: Unknown
Bone Type Category: None
______________________________

Name:SHIWA_L
Index: 64
Parent Index: 3
Position > X: 0.11000001, Y: 0.017999997, Z: 0.076
Rotation > X: 0, Y: 0, Z: 0
Scale > X:1, Y:1, Z:1
Bone Type: Unknown
Bone Type Category: None
______________________________

Name:MIMI_L
Index: 65
Parent Index: 3
Position > X: 0.015000001, Y: 0.072, Z: 0.08799999
Rotation > X: 0, Y: 0, Z: 0
Scale > X:1, Y:1, Z:1
Bone Type: Unknown
Bone Type Category: None
______________________________

Name:MABUTA_UP_L
Index: 66
Parent Index: 3
Position > X: 0.0841, Y: 0.0337, Z: 0.112
Rotation > X: 0, Y: 0, Z: 0
Scale > X:1, Y:1, Z:1
Bone Type: Unknown
Bone Type Category: None
______________________________

Name:MABUTA_UN_L
Index: 67
Parent Index: 3
Position > X: 0.102, Y: 0.039, Z: 0.098000005
Rotation > X: 0, Y: 0, Z: 0
Scale > X:1, Y:1, Z:1
Bone Type: Unknown
Bone Type Category: None
______________________________

Name:HOHO_L
Index: 68
Parent Index: 3
Position > X: 0.10077115, Y: 0.044, Z: 0.078
Rotation > X: 0, Y: 0, Z: 0
Scale > X:1, Y:1, Z:1
Bone Type: Unknown
Bone Type Category: None
______________________________

Name:BIKON_L
Index: 69
Parent Index: 3
Position > X: 0.11000001, Y: 0.015, Z: 0.071
Rotation > X: 0, Y: 0, Z: 0
Scale > X:1, Y:1, Z:1
Bone Type: Unknown
Bone Type Category: None
______________________________

Name:CHOBO_L
Index: 70
Parent Index: 3
Position > X: 0.084, Y: 0.040000003, Z: 0.044999998
Rotation > X: 0, Y: 0, Z: 0
Scale > X:1, Y:1, Z:1
Bone Type: Unknown
Bone Type Category: None
______________________________

Name:KUCHI_UP_M
Index: 71
Parent Index: 3
Position > X: 0.117, Y: -3.130058E-10, Z: 0.048
Rotation > X: 0, Y: 0, Z: 0
Scale > X:1, Y:1, Z:1
Bone Type: Unknown
Bone Type Category: None
______________________________

Name:KUCHI_UP_R
Index: 72
Parent Index: 3
Position > X: 0.111, Y: -0.016, Z: 0.046
Rotation > X: 0, Y: 0, Z: 0
Scale > X:1, Y:1, Z:1
Bone Type: Unknown
Bone Type Category: None
______________________________

Name:KUCHI_UP_L
Index: 73
Parent Index: 3
Position > X: 0.111, Y: 0.016, Z: 0.046
Rotation > X: 0, Y: 0, Z: 0
Scale > X:1, Y:1, Z:1
Bone Type: Unknown
Bone Type Category: None
______________________________

Name:AGO
Index: 74
Parent Index: 3
Position > X: 0.025999999, Y: 3.2901127E-08, Z: 0.07300001
Rotation > X: 0, Y: 0, Z: 0
Scale > X:1, Y:1, Z:1
Bone Type: Unknown
Bone Type Category: None
______________________________

Name:KUCHI_UN_M
Index: 75
Parent Index: 74
Position > X: -9.158755E-09, Y: -0.049000002, Z: 0.087000005
Rotation > X: 0, Y: 0, Z: 0
Scale > X:1, Y:1, Z:1
Bone Type: Unknown
Bone Type Category: None
______________________________

Name:KUCHI_UN_R
Index: 76
Parent Index: 74
Position > X: -0.016, Y: -0.047000002, Z: 0.081
Rotation > X: 0, Y: 0, Z: 0
Scale > X:1, Y:1, Z:1
Bone Type: Unknown
Bone Type Category: None
______________________________

Name:KUCHI_R
Index: 77
Parent Index: 74
Position > X: -0.025999999, Y: -0.036000002, Z: 0.076
Rotation > X: 0, Y: 0, Z: 0
Scale > X:1, Y:1, Z:1
Bone Type: Unknown
Bone Type Category: None
______________________________

Name:KUCHI_UN_L
Index: 78
Parent Index: 74
Position > X: 0.016, Y: -0.047000002, Z: 0.081
Rotation > X: 0, Y: 0, Z: 0
Scale > X:1, Y:1, Z:1
Bone Type: Unknown
Bone Type Category: None
______________________________

Name:KUCHI_L
Index: 79
Parent Index: 74
Position > X: 0.025999999, Y: -0.036, Z: 0.076
Rotation > X: 0, Y: 0, Z: 0
Scale > X:1, Y:1, Z:1
Bone Type: Unknown
Bone Type Category: None
______________________________

Name:BERO1
Index: 80
Parent Index: 74
Position > X: 3.0483704E-09, Y: -0.037, Z: 0.034
Rotation > X: 180, Y: -90, Z: 0
Scale > X:1, Y:1, Z:1
Bone Type: Unknown
Bone Type Category: None
______________________________

Name:BERO2
Index: 81
Parent Index: 80
Position > X: 0.020000001, Y: -0, Z: 0
Rotation > X: 0, Y: 0, Z: 0
Scale > X:1, Y:1, Z:1
Bone Type: Unknown
Bone Type Category: None
______________________________

Name:HIJI_L__rot_UDE_L__z50__offset
Index: 82
Parent Index: 9
Position > X: 0.3, Y: 0.000100000005, Z: -8.881784E-16
Rotation > X: 0, Y: 0, Z: 0
Scale > X:0.5, Y:1.83685E-40, Z:0
Bone Type: Unknown
Bone Type Category: None
______________________________

Name:OYA3_L__prot_x50
Index: 83
Parent Index: 36
Position > X: 0.0001, Y: 0, Z: 0
Rotation > X: 0, Y: 0, Z: 0
Scale > X:0.5, Y:0, Z:0
Bone Type: Unknown
Bone Type Category: None
______________________________

Name:UDE_MD_L__rot_TE_L__x50__offset
Index: 84
Parent Index: 10
Position > X: 0.1, Y: 1.7201408E-09, Z: 3.4665604E-10
Rotation > X: 90, Y: 0, Z: 0
Scale > X:0.5, Y:1.5E-44, Z:0
Bone Type: Unknown
Bone Type Category: None
______________________________

Name:TEKUBI_L__rot_TE_L__x100__offset
Index: 85
Parent Index: 10
Position > X: 0.2, Y: 3.456405E-09, Z: 3.4665656E-10
Rotation > X: 90, Y: 0, Z: 0
Scale > X:1, Y:1.5E-44, Z:0
Bone Type: Unknown
Bone Type Category: None
______________________________

Name:UDE_L_d__offset
Index: 86
Parent Index: 10
Position > X: 0, Y: 0, Z: -1.7763568E-15
Rotation > X: -1.0813527E-14, Y: -1.8204463E-20, Z: -9.7062834E-20
Scale > X:1, Y:1, Z:1
Bone Type: Unknown
Bone Type Category: None
______________________________

Name:KATA_RT_L__prot_x0__offset
Index: 87
Parent Index: 9
Position > X: 0.000100000005, Y: 0, Z: 0
Rotation > X: 0, Y: 0, Z: 0
Scale > X:0, Y:0, Z:0
Bone Type: Unknown
Bone Type Category: None
______________________________

Name:KATA_MD_L__prot_x50__offset
Index: 88
Parent Index: 9
Position > X: 0.2, Y: 2.5896461E-05, Z: 0
Rotation > X: 0, Y: 0, Z: 0
Scale > X:0.5, Y:0, Z:0
Bone Type: Unknown
Bone Type Category: None
______________________________

Name:KATA_L_d__offset
Index: 89
Parent Index: 9
Position > X: 0, Y: 1.3552527E-21, Z: 0
Rotation > X: -1.0624206E-14, Y: -9.2821806E-21, Z: -9.7062834E-20
Scale > X:1, Y:1, Z:1
Bone Type: Unknown
Bone Type Category: None
______________________________

Name:WAKI_L__slerp_KATA_L__i40_x0__offset
Index: 90
Parent Index: 8
Position > X: 0.000100000005, Y: 0, Z: 1.5777218E-31
Rotation > X: -90, Y: 0, Z: 0
Scale > X:0.4, Y:8.2653E-40, Z:0
Bone Type: Unknown
Bone Type Category: None
______________________________

Name:SAKOTSU_L_d__offset
Index: 91
Parent Index: 8
Position > X: -2.220446E-16, Y: -1.7763568E-15, Z: -1.2705495E-22
Rotation > X: -1.5166068E-21, Y: 3.0332135E-21, Z: -5.9945415E-21
Scale > X:1, Y:1, Z:1
Bone Type: Unknown
Bone Type Category: None
______________________________

Name:OYA3_R__prot_x50
Index: 92
Parent Index: 21
Position > X: 0.000100000005, Y: 0, Z: 0
Rotation > X: 0, Y: 0, Z: 0
Scale > X:0.5, Y:0, Z:0
Bone Type: Unknown
Bone Type Category: None
______________________________

Name:UDE_MD_R__rot_TE_R__x50__offset
Index: 93
Parent Index: 6
Position > X: 0.1, Y: 1.7201408E-09, Z: -3.4665604E-10
Rotation > X: 90, Y: 0, Z: 0
Scale > X:0.5, Y:1E-44, Z:0
Bone Type: Unknown
Bone Type Category: None
______________________________

Name:TEKUBI_R__rot_TE_R__x100__offset
Index: 94
Parent Index: 6
Position > X: 0.2, Y: 3.456405E-09, Z: -3.4665656E-10
Rotation > X: 90, Y: 0, Z: 0
Scale > X:1, Y:1E-44, Z:0
Bone Type: Unknown
Bone Type Category: None
______________________________

Name:UDE_R_d__offset
Index: 95
Parent Index: 6
Position > X: 0, Y: 0, Z: 1.7763568E-15
Rotation > X: 1.3746036E-15, Y: -6.968916E-15, Z: 9.7062834E-20
Scale > X:1, Y:1, Z:1
Bone Type: Unknown
Bone Type Category: None
______________________________

Name:HIJI_R__rot_UDE_R__z50__offset
Index: 96
Parent Index: 5
Position > X: 0.3, Y: 0.000100000005, Z: 8.881784E-16
Rotation > X: 0, Y: 0, Z: 0
Scale > X:0.5, Y:1.8368E-40, Z:0
Bone Type: Unknown
Bone Type Category: None
______________________________

Name:KATA_RT_R__prot_x0__offset
Index: 97
Parent Index: 5
Position > X: 0.000100000005, Y: 0, Z: -0
Rotation > X: 0, Y: 0, Z: 0
Scale > X:0, Y:0, Z:0
Bone Type: Unknown
Bone Type Category: None
______________________________

Name:KATA_MD_R__prot_x50__offset
Index: 98
Parent Index: 5
Position > X: 0.2, Y: 2.5896461E-05, Z: -0
Rotation > X: 0, Y: 0, Z: 0
Scale > X:0.5, Y:0, Z:0
Bone Type: Unknown
Bone Type Category: None
______________________________

Name:KATA_R_d__offset
Index: 99
Parent Index: 5
Position > X: -5.3290707E-16, Y: 1.3552527E-21, Z: -0
Rotation > X: 6.8514704E-15, Y: 3.7953725E-15, Z: -3.639856E-20
Scale > X:1, Y:1, Z:1
Bone Type: Unknown
Bone Type Category: None
______________________________

Name:WAKI_R__slerp_KATA_R__i40_x0__offset
Index: 100
Parent Index: 4
Position > X: 0.000100000005, Y: -0, Z: 1.5777218E-31
Rotation > X: -90, Y: 0, Z: 0
Scale > X:0.4, Y:4.59183E-40, Z:0
Bone Type: Unknown
Bone Type Category: None
______________________________

Name:SAKOTSU_R_d__offset
Index: 101
Parent Index: 4
Position > X: -7.771561E-17, Y: 0, Z: 8.4703296E-23
Rotation > X: 0, Y: -1.5166068E-21, Z: -1.8355695E-15
Scale > X:1, Y:1, Z:1
Bone Type: Unknown
Bone Type Category: None
______________________________

Name:KUBI_RT__prot_x0__offset
Index: 102
Parent Index: 2
Position > X: 0.000100000005, Y: 4.3706902E-20, Z: -9.711233E-20
Rotation > X: -9.967861E-15, Y: -1.9240336E-15, Z: -2.6147117E-15
Scale > X:0, Y:0, Z:0
Bone Type: Unknown
Bone Type Category: None
______________________________

Name:KUBI_d__offset
Index: 103
Parent Index: 2
Position > X: 3.5527137E-16, Y: -1.6940659E-22, Z: -8.4703296E-23
Rotation > X: -9.967861E-15, Y: -1.9240336E-15, Z: -2.6147117E-15
Scale > X:1, Y:1, Z:1
Bone Type: Unknown
Bone Type Category: None
______________________________

Name:SAKOTSU_RT_L__const_KATA_L__rot_SAKOTSU_L__x0
Index: 104
Parent Index: 1
Position > X: 0.22000001, Y: -7.2263665E-18, Z: 0.000100000005
Rotation > X: -90, Y: -90, Z: 0
Scale > X:0, Y:8.2653E-40, Z:0
Bone Type: Unknown
Bone Type Category: None
______________________________

Name:SAKOTSU_RT_L_d__offset
Index: 105
Parent Index: 104
Position > X: 0.010000001, Y: 1.7763569E-16, Z: -7.6762363E-23
Rotation > X: -7.583034E-22, Y: -1.5166068E-21, Z: 6.7363097E-22
Scale > X:1, Y:1, Z:1
Bone Type: Unknown
Bone Type Category: None
______________________________

Name:SAKOTSU_RT_Lside_d__offset
Index: 106
Parent Index: 104
Position > X: 0.010100001, Y: 1.7763569E-16, Z: -2.3822803E-23
Rotation > X: -7.583034E-22, Y: -1.5166068E-21, Z: 6.7363097E-22
Scale > X:1, Y:1, Z:1
Bone Type: Unknown
Bone Type Category: None
______________________________

Name:MUNE_L__const_KATA_L__rot_SAKOTSU_L__x0__offset
Index: 107
Parent Index: 1
Position > X: 0.07, Y: 0.07000001, Z: 0.00010000002
Rotation > X: -90, Y: -90, Z: 0
Scale > X:0, Y:8.2653E-40, Z:0
Bone Type: Unknown
Bone Type Category: None
______________________________

Name:OPPAI_L1__swing
Index: 108
Parent Index: 107
Position > X: 0.0542, Y: -0.0221, Z: -0.14339648
Rotation > X: -136.477, Y: -86.24407, Z: -77.379974
Scale > X:2.547E-41, Y:0, Z:0.28
Bone Type: Unknown
Bone Type Category: None
- - - - swing - - - - 
Val1: 255
Val2: 255
Dampening: 3000
Val3: 0
Val4: 4096
Val5: 0
Val6: 0
Val7: 1
Influence: X: 0, Y: 0, Z: 0
Length: 0.28
Gravity > X: -32536, Y: 10000
Constraints > +X: 5, -X: -5, +Y: 2, -Y: -2
Rigidity: 4
Collision Count: 0
Swing Collision Count: 0
Flag: 1
______________________________

Name:OPPAI_L2__swing
Index: 109
Parent Index: 108
Position > X: 0.28, Y: -1.7763567E-16, Z: -3.330669E-17
Rotation > X: 0, Y: 180, Z: 0
Scale > X:2.5515E-41, Y:0, Z:0.080000006
Bone Type: Unknown
Bone Type Category: None
- - - - swing - - - - 
Val1: 255
Val2: 255
Dampening: 1000
Val3: 0
Val4: 4096
Val5: 0
Val6: 0
Val7: 1
Influence: X: 0, Y: 0, Z: 0
Length: 0.080000006
Gravity > X: 27000, Y: 10000
Constraints > +X: 8, -X: -8, +Y: 4, -Y: -4
Rigidity: 4
Collision Count: 0
Swing Collision Count: 0
Flag: 1
______________________________

Name:SAKOTSU_RT_R__const_KATA_R__rot_SAKOTSU_R__x0
Index: 110
Parent Index: 1
Position > X: 0.22000001, Y: 3.9091027E-17, Z: -0.000100000005
Rotation > X: -90, Y: 90, Z: 0
Scale > X:0, Y:4.59183E-40, Z:0
Bone Type: Unknown
Bone Type Category: None
______________________________

Name:SAKOTSU_RT_R_d__offset
Index: 111
Parent Index: 110
Position > X: 0.010000001, Y: 7.1054275E-16, Z: 2.646978E-24
Rotation > X: 3.791517E-22, Y: 1.5166068E-21, Z: -1.7732163E-15
Scale > X:1, Y:1, Z:1
Bone Type: Unknown
Bone Type Category: None
______________________________

Name:SAKOTSU_RT_Rside_d__offset
Index: 112
Parent Index: 110
Position > X: 0.010100001, Y: -1.7763569E-16, Z: -2.3822803E-23
Rotation > X: 3.791517E-22, Y: 1.5166068E-21, Z: -1.7732163E-15
Scale > X:1, Y:1, Z:1
Bone Type: Unknown
Bone Type Category: None
______________________________

Name:MUNE_R__const_KATA_R__rot_SAKOTSU_R__x0__offset
Index: 113
Parent Index: 1
Position > X: 0.07, Y: 0.07, Z: -0.000100000005
Rotation > X: -90, Y: 90, Z: 0
Scale > X:0, Y:4.59183E-40, Z:0
Bone Type: Unknown
Bone Type Category: None
______________________________

Name:OPPAI_R1__swing
Index: 114
Parent Index: 113
Position > X: 0.054200005, Y: 0.0221, Z: -0.14339648
Rotation > X: -43.523052, Y: -86.24409, Z: 77.380135
Scale > X:2.556E-41, Y:0, Z:0.28
Bone Type: Unknown
Bone Type Category: None
- - - - swing - - - - 
Val1: 255
Val2: 255
Dampening: 3000
Val3: 0
Val4: 4096
Val5: 0
Val6: 0
Val7: 1
Influence: X: 0, Y: 0, Z: 0
Length: 0.28
Gravity > X: -32536, Y: 10000
Constraints > +X: 5, -X: -5, +Y: 2, -Y: -2
Rigidity: 4
Collision Count: 0
Swing Collision Count: 0
Flag: 1
______________________________

Name:OPPAI_R2__swing
Index: 115
Parent Index: 114
Position > X: 0.28, Y: -1.7763569E-16, Z: 3.3306692E-17
Rotation > X: 0, Y: 180, Z: 0
Scale > X:2.5605E-41, Y:0, Z:0.080000006
Bone Type: Unknown
Bone Type Category: None
- - - - swing - - - - 
Val1: 255
Val2: 255
Dampening: 1000
Val3: 0
Val4: 4096
Val5: 0
Val6: 0
Val7: 1
Influence: X: 0, Y: 0, Z: 0
Length: 0.080000006
Gravity > X: 27000, Y: 10000
Constraints > +X: 8, -X: -8, +Y: 4, -Y: -4
Rigidity: 4
Collision Count: 0
Swing Collision Count: 0
Flag: 1
______________________________

Name:MUNE2_d__offset
Index: 116
Parent Index: 1
Position > X: 0, Y: -6.3527474E-23, Z: 0
Rotation > X: 7.6822E-15, Y: -8.8777515E-15, Z: 3.4867641E-15
Scale > X:1, Y:1, Z:1
Bone Type: Unknown
Bone Type Category: None
______________________________

Name:MUNE2side_d__offset
Index: 117
Parent Index: 1
Position > X: 0.07, Y: -1.9820338E-17, Z: 1.793356E-16
Rotation > X: 7.6822E-15, Y: -8.8777515E-15, Z: 3.4867641E-15
Scale > X:1, Y:1, Z:1
Bone Type: Unknown
Bone Type Category: None
______________________________

Name:MUNE2plus_d__offset
Index: 118
Parent Index: 1
Position > X: 0, Y: 0, Z: 2.0411208E-17
Rotation > X: 7.6822E-15, Y: -8.8777515E-15, Z: 3.4867641E-15
Scale > X:1, Y:1, Z:1
Bone Type: Unknown
Bone Type Category: None
______________________________

Name:MUNE2up_d__offset
Index: 119
Parent Index: 1
Position > X: 0.22000001, Y: -6.229241E-17, Z: 2.46887E-16
Rotation > X: 7.6822E-15, Y: -8.8777515E-15, Z: 3.4867641E-15
Scale > X:1, Y:1, Z:1
Bone Type: Unknown
Bone Type Category: None
______________________________

Name:MUNE2back_d__offset
Index: 120
Parent Index: 1
Position > X: 0.22000001, Y: 0.000100000005, Z: 2.5552292E-16
Rotation > X: 7.6822E-15, Y: -8.8777515E-15, Z: 3.4867641E-15
Scale > X:1, Y:1, Z:1
Bone Type: Unknown
Bone Type Category: None
______________________________

Name:MUNE2under_d__offset
Index: 121
Parent Index: 1
Position > X: 0.000100000005, Y: -2.8365015E-20, Z: 6.4374504E-20
Rotation > X: 7.6822E-15, Y: -8.8777515E-15, Z: 3.4867641E-15
Scale > X:1, Y:1, Z:1
Bone Type: Unknown
Bone Type Category: None
______________________________

Name:MUNE2front_d__offset
Index: 122
Parent Index: 1
Position > X: 0.065, Y: 0.05, Z: 8.732298E-23
Rotation > X: 7.6822E-15, Y: -8.8777515E-15, Z: 3.4867641E-15
Scale > X:1, Y:1, Z:1
Bone Type: Unknown
Bone Type Category: None
______________________________

Name:MUNE1_d__offset
Index: 123
Parent Index: 0
Position > X: 0, Y: 0, Z: 0
Rotation > X: 3.5334098E-15, Y: 4.3789003E-15, Z: 3.4863023E-15
Scale > X:1, Y:1, Z:1
Bone Type: Unknown
Bone Type Category: None
______________________________

Name:MUNE1plus_d__offset
Index: 124
Parent Index: 0
Position > X: 0, Y: 0, Z: 0
Rotation > X: 3.5334098E-15, Y: 4.3789003E-15, Z: 3.4863023E-15
Scale > X:1, Y:1, Z:1
Bone Type: Unknown
Bone Type Category: None
______________________________

Name:TSUMASAKI_L_d__offset
Index: 125
Parent Index: 20
Position > X: 0, Y: 0, Z: 0
Rotation > X: -2.9143854E-11, Y: -0.00049277546, Z: 2.1181224E-05
Scale > X:1, Y:1, Z:1
Bone Type: Unknown
Bone Type Category: None
______________________________

Name:ASHI_L_d__offset
Index: 126
Parent Index: 19
Position > X: 1.110223E-16, Y: -2.1175824E-22, Z: 0
Rotation > X: 2.296913E-15, Y: 1.6921148E-14, Z: 1.4703009E-15
Scale > X:1, Y:1, Z:1
Bone Type: Unknown
Bone Type Category: None
______________________________

Name:ASHIKUBI_L__rot_ASHI_L__x100__offset
Index: 127
Parent Index: 18
Position > X: 0.4, Y: 8.375191E-17, Z: 2.220446E-16
Rotation > X: -1.8927542E-14, Y: -8.2345765E-15, Z: 3.920562E-15
Scale > X:1, Y:2.7E-44, Z:0
Bone Type: Unknown
Bone Type Category: None
______________________________

Name:HIZA_L_d__offset
Index: 128
Parent Index: 18
Position > X: 1.7763569E-16, Y: 5.421011E-21, Z: 0
Rotation > X: -1.8927542E-14, Y: -8.2345765E-15, Z: 3.920562E-15
Scale > X:1, Y:1, Z:1
Bone Type: Unknown
Bone Type Category: None
______________________________

Name:HIZAKOZO_L__rot_HIZA_L__z50__offset
Index: 129
Parent Index: 17
Position > X: 0.44000003, Y: -7.134051E-18, Z: -1.110223E-16
Rotation > X: 1.573485E-05, Y: 6.4526686E-15, Z: 1.7428601E-15
Scale > X:0.5, Y:1.83696E-40, Z:0
Bone Type: Unknown
Bone Type Category: None
______________________________

Name:MOMO_RT_L__prot_x0__offset
Index: 130
Parent Index: 17
Position > X: 0.000100000005, Y: 0, Z: 4.440892E-17
Rotation > X: -8.174431E-15, Y: 6.452672E-15, Z: 1.744413E-15
Scale > X:0, Y:0, Z:0
Bone Type: Unknown
Bone Type Category: None
______________________________

Name:MOMO_MD_L__prot_x50__offset
Index: 131
Parent Index: 17
Position > X: 0.20000103, Y: -3.2526065E-18, Z: 0
Rotation > X: -8.174431E-15, Y: 6.452672E-15, Z: 1.744413E-15
Scale > X:0.5, Y:0, Z:0
Bone Type: Unknown
Bone Type Category: None
______________________________

Name:MOMO_L_d__offset
Index: 132
Parent Index: 17
Position > X: 0, Y: 6.505213E-20, Z: 4.440892E-17
Rotation > X: -8.174431E-15, Y: 6.452672E-15, Z: 1.744413E-15
Scale > X:1, Y:1, Z:1
Bone Type: Unknown
Bone Type Category: None
______________________________

Name:TSUMASAKI_R_d__offset
Index: 133
Parent Index: 16
Position > X: 0, Y: 0, Z: 0
Rotation > X: 3.1869108E-12, Y: -1.8048788E-05, Z: -6.328605E-05
Scale > X:1, Y:1, Z:1
Bone Type: Unknown
Bone Type Category: None
______________________________

Name:ASHI_R_d__offset
Index: 134
Parent Index: 15
Position > X: -2.220446E-17, Y: -2.1175824E-22, Z: -0
Rotation > X: 9.953228E-15, Y: 1.8074925E-15, Z: 7.89858E-15
Scale > X:1, Y:1, Z:1
Bone Type: Unknown
Bone Type Category: None
______________________________

Name:ASHIKUBI_R__rot_ASHI_R__x100__offset
Index: 135
Parent Index: 14
Position > X: 0.4, Y: 8.375191E-17, Z: -2.220446E-16
Rotation > X: -6.238031E-15, Y: 1.2508489E-14, Z: -2.835011E-15
Scale > X:1, Y:2.1E-44, Z:0
Bone Type: Unknown
Bone Type Category: None
______________________________

Name:HIZA_R_d__offset
Index: 136
Parent Index: 14
Position > X: -4.440892E-16, Y: 5.421011E-21, Z: -0
Rotation > X: -6.238031E-15, Y: 1.2508489E-14, Z: -2.835011E-15
Scale > X:1, Y:1, Z:1
Bone Type: Unknown
Bone Type Category: None
______________________________

Name:HIZAKOZO_R__rot_HIZA_R__z50__offset
Index: 137
Parent Index: 13
Position > X: 0.44000003, Y: -7.134051E-18, Z: 1.110223E-16
Rotation > X: -6.8341867E-15, Y: -2.026781E-15, Z: -3.530757E-15
Scale > X:0.5, Y:1.8369E-40, Z:0
Bone Type: Unknown
Bone Type Category: None
______________________________

Name:MOMO_RT_R__prot_x0__offset
Index: 138
Parent Index: 13
Position > X: 0.000100000005, Y: 0, Z: -4.440892E-17
Rotation > X: -6.8341867E-15, Y: -2.026781E-15, Z: -3.530757E-15
Scale > X:0, Y:0, Z:0
Bone Type: Unknown
Bone Type Category: None
______________________________

Name:MOMO_MD_R__prot_x50__offset
Index: 139
Parent Index: 13
Position > X: 0.2, Y: -3.2526065E-18, Z: -0
Rotation > X: -6.8341867E-15, Y: -2.026781E-15, Z: -3.530757E-15
Scale > X:0.5, Y:0, Z:0
Bone Type: Unknown
Bone Type Category: None
______________________________

Name:MOMO_R_d__offset
Index: 140
Parent Index: 13
Position > X: 0, Y: 6.505213E-20, Z: -4.440892E-17
Rotation > X: -6.8341867E-15, Y: -2.026781E-15, Z: -3.530757E-15
Scale > X:1, Y:1, Z:1
Bone Type: Unknown
Bone Type Category: None
______________________________

Name:SHIRI_R__slerp_MOMO_R__i50_x0__offset
Index: 141
Parent Index: 12
Position > X: 0.13, Y: 0.000100000005, Z: -0.07
Rotation > X: 0, Y: 0, Z: 0
Scale > X:0.5, Y:1.193878E-39, Z:0
Bone Type: Unknown
Bone Type Category: None
______________________________

Name:SHIRI_L__slerp_MOMO_L__i50_x0__offset
Index: 142
Parent Index: 12
Position > X: 0.13, Y: 0.000100000005, Z: 0.07
Rotation > X: 0, Y: 0, Z: 0
Scale > X:0.5, Y:1.56122E-39, Z:0
Bone Type: Unknown
Bone Type Category: None
______________________________

Name:COMANECI_L__slerp_MOMO_L__i70_x0__offset
Index: 143
Parent Index: 12
Position > X: 0.099999994, Y: -5.493836E-09, Z: 0.1
Rotation > X: 0, Y: 0, Z: 0
Scale > X:0.7, Y:1.56122E-39, Z:0
Bone Type: Unknown
Bone Type Category: None
______________________________

Name:COMANECI_R__slerp_MOMO_R__i70_x0__offset
Index: 144
Parent Index: 12
Position > X: 0.1, Y: -5.493836E-09, Z: -0.1
Rotation > X: 0, Y: 0, Z: 0
Scale > X:0.7, Y:1.193878E-39, Z:0
Bone Type: Unknown
Bone Type Category: None
______________________________

Unknown Bone Type: (5, 11)
Name:shippo01__swing
Index: 145
Parent Index: 12
Position > X: 0.11565335, Y: 0.19088098, Z: 1.3994928E-07
Rotation > X: 2.044538E-06, Y: -2.0490565E-05, Z: 90.000046
Scale > X:2.565E-41, Y:0, Z:0.19977021
Bone Type: Unknown
Bone Type Category: None
______________________________

Name:shippo02__swing
Index: 146
Parent Index: 145
Position > X: 0.19977021, Y: 1.7763567E-16, Z: 3.8191937E-23
Rotation > X: 0, Y: 0, Z: 0
Scale > X:2.5694E-41, Y:0, Z:0.21559714
Bone Type: Unknown
Bone Type Category: None
- - - - swing - - - - 
Val1: 255
Val2: 255
Dampening: 1000
Val3: 0
Val4: 4096
Val5: 0
Val6: 0
Val7: 1
Influence: X: 0, Y: 0, Z: 0
Length: 0.21559714
Gravity > X: 10000, Y: 10000
Constraints > +X: 35, -X: -35, +Y: 14, -Y: -17
Rigidity: 0
Collision Count: 0
Swing Collision Count: 0
Flag: 1
______________________________

Name:shippo03__swing
Index: 147
Parent Index: 146
Position > X: 0.21559714, Y: -4.7479184E-23, Z: -4.440901E-17
Rotation > X: 0, Y: 0, Z: 0
Scale > X:2.5739E-41, Y:0, Z:0.21684663
Bone Type: Unknown
Bone Type Category: None
- - - - swing - - - - 
Val1: 255
Val2: 255
Dampening: 3000
Val3: 0
Val4: 4096
Val5: 0
Val6: 0
Val7: 1
Influence: X: 0, Y: 0, Z: 0
Length: 0.21684663
Gravity > X: 12000, Y: 10000
Constraints > +X: 49, -X: -49, +Y: 21, -Y: -17
Rigidity: 4
Collision Count: 0
Swing Collision Count: 0
Flag: 1
______________________________

Name:shippo04__swing
Index: 148
Parent Index: 147
Position > X: 0.21684663, Y: -3.5527145E-16, Z: -4.440898E-17
Rotation > X: 0, Y: 0, Z: 0
Scale > X:2.5784E-41, Y:0, Z:0.2133806
Bone Type: Unknown
Bone Type Category: None
- - - - swing - - - - 
Val1: 255
Val2: 255
Dampening: 3000
Val3: 0
Val4: 4096
Val5: 0
Val6: 0
Val7: 1
Influence: X: 0, Y: 0, Z: 0
Length: 0.2133806
Gravity > X: 10000, Y: 10000
Constraints > +X: 49, -X: -49, +Y: 24, -Y: -24
Rigidity: 4
Collision Count: 0
Swing Collision Count: 0
Flag: 1
______________________________

Name:shippo05__swing
Index: 149
Parent Index: 148
Position > X: 0.2133806, Y: -1.7763579E-16, Z: -4.4408743E-17
Rotation > X: 0, Y: 0, Z: 0
Scale > X:2.5829E-41, Y:0, Z:0.21440108
Bone Type: Unknown
Bone Type Category: None
- - - - swing - - - - 
Val1: 255
Val2: 255
Dampening: 3000
Val3: 0
Val4: 4096
Val5: 0
Val6: 0
Val7: 1
Influence: X: 0, Y: 0, Z: 0
Length: 0.21440108
Gravity > X: 12000, Y: 10000
Constraints > +X: 56, -X: -56, +Y: 28, -Y: -24
Rigidity: 0
Collision Count: 0
Swing Collision Count: 0
Flag: 1
______________________________

Name:shippo06__swing
Index: 150
Parent Index: 149
Position > X: 0.21440108, Y: -3.5527153E-16, Z: -4.4409123E-17
Rotation > X: 0, Y: 0, Z: 0
Scale > X:2.5874E-41, Y:0, Z:0.2141705
Bone Type: Unknown
Bone Type Category: None
- - - - swing - - - - 
Val1: 255
Val2: 255
Dampening: 3000
Val3: 0
Val4: 4096
Val5: 0
Val6: 0
Val7: 1
Influence: X: 0, Y: 0, Z: 0
Length: 0.2141705
Gravity > X: 12000, Y: 10000
Constraints > +X: 56, -X: -56, +Y: 28, -Y: -24
Rigidity: 4
Collision Count: 0
Swing Collision Count: 0
Flag: 1
______________________________

Name:shippo07__swing
Index: 151
Parent Index: 150
Position > X: 0.2141705, Y: -1.7763587E-16, Z: -4.440914E-17
Rotation > X: 0, Y: 0, Z: 0
Scale > X:2.5918E-41, Y:0, Z:0.1667671
Bone Type: Unknown
Bone Type Category: None
- - - - swing - - - - 
Val1: 255
Val2: 255
Dampening: 4000
Val3: 0
Val4: 4096
Val5: 0
Val6: 0
Val7: 1
Influence: X: 0, Y: 0, Z: 0
Length: 0.1667671
Gravity > X: 9000, Y: 10000
Constraints > +X: 56, -X: -56, +Y: 28, -Y: -24
Rigidity: 4
Collision Count: 0
Swing Collision Count: 0
Flag: 1
______________________________

Name:shippo08__swing
Index: 152
Parent Index: 151
Position > X: 0.1667671, Y: -3.5527158E-16, Z: -4.440884E-17
Rotation > X: 0, Y: 0, Z: 0
Scale > X:2.5963E-41, Y:0, Z:0.15637057
Bone Type: Unknown
Bone Type Category: None
- - - - swing - - - - 
Val1: 255
Val2: 255
Dampening: 4000
Val3: 0
Val4: 4096
Val5: 0
Val6: 0
Val7: 1
Influence: X: 0, Y: 0, Z: 0
Length: 0.15637057
Gravity > X: 8000, Y: 10000
Constraints > +X: 56, -X: -56, +Y: 28, -Y: -24
Rigidity: 4
Collision Count: 0
Swing Collision Count: 0
Flag: 1
______________________________

Name:shippo09__swing
Index: 153
Parent Index: 152
Position > X: 0.15637057, Y: -3.5527164E-16, Z: -4.440864E-17
Rotation > X: 0, Y: 0, Z: 0
Scale > X:2.6008E-41, Y:0, Z:0.10629535
Bone Type: Unknown
Bone Type Category: None
- - - - swing - - - - 
Val1: 255
Val2: 255
Dampening: 3000
Val3: 0
Val4: 4096
Val5: 0
Val6: 0
Val7: 1
Influence: X: 0, Y: 0, Z: 0
Length: 0.10629535
Gravity > X: 8000, Y: 10000
Constraints > +X: 56, -X: -56, +Y: 28, -Y: -24
Rigidity: 1
Collision Count: 0
Swing Collision Count: 0
Flag: 1
______________________________

Unknown Bone Type: (6, 11)
Name:shippo10__swing
Index: 154
Parent Index: 153
Position > X: 0.10629535, Y: -2.5804498E-22, Z: -2.2204391E-17
Rotation > X: 0, Y: 0, Z: 0
Scale > X:2.6053E-41, Y:0, Z:0.124568604
Bone Type: Unknown
Bone Type Category: None
______________________________

Name:KOSHI_d__offset
Index: 155
Parent Index: 12
Position > X: 8.021786E-08, Y: 0, Z: 0
Rotation > X: -3.995188E-15, Y: 5.217397E-15, Z: 3.4858961E-15
Scale > X:1, Y:1, Z:1
Bone Type: Unknown
Bone Type Category: None
______________________________

Name:KOSHIplus_d__offset
Index: 156
Parent Index: 12
Position > X: 0, Y: 0, Z: 0
Rotation > X: -2.8082966E-05, Y: 5.217397E-15, Z: 3.48589E-15
Scale > X:1, Y:1, Z:1
Bone Type: Unknown
Bone Type Category: None
______________________________

Name:KOSHIup_d__offset
Index: 157
Parent Index: 12
Position > X: 0.000100000005, Y: 4.7264438E-20, Z: -8.5380924E-20
Rotation > X: -3.995188E-15, Y: 5.217397E-15, Z: 3.4858961E-15
Scale > X:1, Y:1, Z:1
Bone Type: Unknown
Bone Type Category: None
______________________________

Number of bones: 158

Successfully saved r_all_066.nmd.


Batch conversion operation completed successfully!
